<?xml version="1.0" encoding="UTF-8"?>
<!-- Generated by org.testng.reporters.JUnitReportReporter -->
<testsuite hostname="LAPTOP-UIFCALBT" failures="0" tests="1" name="FlinkTestAutomation.TestClass" time="5.658" errors="0" timestamp="2021-12-15T01:04:31 IST" skipped="0">
  <testcase classname="FlinkTestAutomation.TestClass" name="test" time="5.658"/>
  <system-out/>
</testsuite> <!-- FlinkTestAutomation.TestClass -->
