<?xml version="1.0" encoding="UTF-8"?>
<!-- Generated by org.testng.reporters.JUnitReportReporter -->
<testsuite hostname="LAPTOP-UIFCALBT" failures="0" tests="1" name="uitests.TestClass" time="14.800" errors="0" timestamp="2021-12-16T20:25:05 IST" skipped="0">
  <testcase classname="uitests.TestClass" name="endToEndTest" time="14.800"/>
  <system-out/>
</testsuite> <!-- uitests.TestClass -->
