<?xml version="1.0" encoding="UTF-8"?>
<!-- Generated by org.testng.reporters.JUnitReportReporter -->
<testsuite hostname="LAPTOP-UIFCALBT" failures="0" tests="2" name="uitests.TestHeadersOfAllPages" time="22.741" errors="0" timestamp="2021-12-16T22:02:34 IST" skipped="0">
  <testcase classname="uitests.TestHeadersOfAllPages" name="verifyPageHeaders" time="9.377"/>
  <system-out/>
  <testcase classname="uitests.TestHeadersOfAllPages" name="verifyPaymentsHeader" time="13.364"/>
  <system-out/>
</testsuite> <!-- uitests.TestHeadersOfAllPages -->
