<?xml version="1.0" encoding="UTF-8"?>
<!-- Generated by org.testng.reporters.JUnitReportReporter -->
<testsuite hostname="LAPTOP-UIFCALBT" failures="0" tests="2" name="uitests.TestHeadersOfAllPages" time="21.987" errors="0" timestamp="2021-12-16T20:25:05 IST" skipped="0">
  <testcase classname="uitests.TestHeadersOfAllPages" name="verifyPageHeaders" time="7.934"/>
  <system-out/>
  <testcase classname="uitests.TestHeadersOfAllPages" name="verifyPaymentsHeader" time="14.053"/>
  <system-out/>
</testsuite> <!-- uitests.TestHeadersOfAllPages -->
